<?xml version="1.0" encoding="UTF-8"?>
<testsuite xmlns:xsi="http://www.w3.org/2001/XMLSchema-instance" xsi:noNamespaceSchemaLocation="https://maven.apache.org/surefire/maven-surefire-plugin/xsd/surefire-test-report-3.0.xsd" version="3.0" name="TestSuite" time="19.379" tests="2" errors="0" skipped="0" failures="0">
  <properties>
[...]
</properties>
  <testcase name="purchaseanItemEbay" classname="com.web.app.TC_002X_Item_Purchase_Ebay" time="1.37"/>
  <testcase name="purchaseanItemAmazon" classname="com.web.app.TC_001X_Item_Purchase_Amazon" time="3.138"/>
</testsuite>