<?xml version="1.0" encoding="UTF-8"?>
<testng-results skipped="0" failed="0" ignored="0" total="2" passed="2">
  <reporter-output>
  </reporter-output>
  <suite name="Suite" duration-ms="17786" started-at="2020-04-18T14:51:20 AEST" finished-at="2020-04-18T14:51:38 AEST">
    <groups>
    </groups>
    <test name="Test" duration-ms="9363" started-at="2020-04-18T14:51:20 AEST" finished-at="2020-04-18T14:51:30 AEST">
      <class name="com.web.app.TC_002X_Item_Purchase_Ebay">
        <test-method status="PASS" signature="setUp()[pri:0, instance:com.web.app.TC_002X_Item_Purchase_Ebay@66498326]" name="setUp" is-config="true" duration-ms="5193" started-at="2020-04-18T14:51:20 AEST" finished-at="2020-04-18T14:51:25 AEST">
          <reporter-output>
          </reporter-output>
        </test-method> <!-- setUp -->
        <test-method status="PASS" signature="purchaseanItemEbay()[pri:0, instance:com.web.app.TC_002X_Item_Purchase_Ebay@66498326]" name="purchaseanItemEbay" duration-ms="1370" started-at="2020-04-18T14:51:25 AEST" finished-at="2020-04-18T14:51:27 AEST">
          <reporter-output>
          </reporter-output>
        </test-method> <!-- purchaseanItemEbay -->
        <test-method status="PASS" signature="tearDown()[pri:0, instance:com.web.app.TC_002X_Item_Purchase_Ebay@66498326]" name="tearDown" is-config="true" duration-ms="825" started-at="2020-04-18T14:51:29 AEST" finished-at="2020-04-18T14:51:30 AEST">
          <reporter-output>
          </reporter-output>
        </test-method> <!-- tearDown -->
      </class> <!-- com.web.app.TC_002X_Item_Purchase_Ebay -->
    </test> <!-- Test -->
    <test name="Test2" duration-ms="8397" started-at="2020-04-18T14:51:30 AEST" finished-at="2020-04-18T14:51:38 AEST">
      <class name="com.web.app.TC_001X_Item_Purchase_Amazon">
        <test-method status="PASS" signature="setUp()[pri:0, instance:com.web.app.TC_001X_Item_Purchase_Amazon@d29f28]" name="setUp" is-config="true" duration-ms="4333" started-at="2020-04-18T14:51:30 AEST" finished-at="2020-04-18T14:51:34 AEST">
          <reporter-output>
          </reporter-output>
        </test-method> <!-- setUp -->
        <test-method status="PASS" signature="purchaseanItemAmazon()[pri:0, instance:com.web.app.TC_001X_Item_Purchase_Amazon@d29f28]" name="purchaseanItemAmazon" duration-ms="3139" started-at="2020-04-18T14:51:34 AEST" finished-at="2020-04-18T14:51:37 AEST">
          <reporter-output>
          </reporter-output>
        </test-method> <!-- purchaseanItemAmazon -->
        <test-method status="PASS" signature="tearDown()[pri:0, instance:com.web.app.TC_001X_Item_Purchase_Amazon@d29f28]" name="tearDown" is-config="true" duration-ms="234" started-at="2020-04-18T14:51:38 AEST" finished-at="2020-04-18T14:51:38 AEST">
          <reporter-output>
          </reporter-output>
        </test-method> <!-- tearDown -->
      </class> <!-- com.web.app.TC_001X_Item_Purchase_Amazon -->
    </test> <!-- Test2 -->
  </suite> <!-- Suite -->
</testng-results>
