<?xml version="1.0" encoding="UTF-8"?>
<testng-results skipped="0" failed="0" ignored="0" total="2" passed="2">
  <reporter-output>
  </reporter-output>
  <suite name="Suite" duration-ms="20672" started-at="2020-04-18T14:35:01 AEST" finished-at="2020-04-18T14:35:22 AEST">
    <groups>
    </groups>
    <test name="Test" duration-ms="9467" started-at="2020-04-18T14:35:01 AEST" finished-at="2020-04-18T14:35:11 AEST">
      <class name="com.web.app.TC_002X_Item_Purchase_Ebay">
        <test-method status="PASS" signature="setUp()[pri:0, instance:com.web.app.TC_002X_Item_Purchase_Ebay@3b6ddd1d]" name="setUp" is-config="true" duration-ms="4783" started-at="2020-04-18T14:35:01 AEST" finished-at="2020-04-18T14:35:06 AEST">
          <reporter-output>
          </reporter-output>
        </test-method> <!-- setUp -->
        <test-method status="PASS" signature="purchaseanItemEbay()[pri:0, instance:com.web.app.TC_002X_Item_Purchase_Ebay@3b6ddd1d]" name="purchaseanItemEbay" duration-ms="2527" started-at="2020-04-18T14:35:06 AEST" finished-at="2020-04-18T14:35:09 AEST">
          <reporter-output>
          </reporter-output>
        </test-method> <!-- purchaseanItemEbay -->
        <test-method status="PASS" signature="tearDown()[pri:0, instance:com.web.app.TC_002X_Item_Purchase_Ebay@3b6ddd1d]" name="tearDown" is-config="true" duration-ms="287" started-at="2020-04-18T14:35:10 AEST" finished-at="2020-04-18T14:35:11 AEST">
          <reporter-output>
          </reporter-output>
        </test-method> <!-- tearDown -->
      </class> <!-- com.web.app.TC_002X_Item_Purchase_Ebay -->
    </test> <!-- Test -->
    <test name="Test2" duration-ms="11175" started-at="2020-04-18T14:35:11 AEST" finished-at="2020-04-18T14:35:22 AEST">
      <class name="com.web.app.TC_001X_Item_Purchase_Amazon">
        <test-method status="PASS" signature="setUp()[pri:0, instance:com.web.app.TC_001X_Item_Purchase_Amazon@342c38f8]" name="setUp" is-config="true" duration-ms="4307" started-at="2020-04-18T14:35:11 AEST" finished-at="2020-04-18T14:35:15 AEST">
          <reporter-output>
          </reporter-output>
        </test-method> <!-- setUp -->
        <test-method status="PASS" signature="purchaseanItemAmazon()[pri:0, instance:com.web.app.TC_001X_Item_Purchase_Amazon@342c38f8]" name="purchaseanItemAmazon" duration-ms="5814" started-at="2020-04-18T14:35:15 AEST" finished-at="2020-04-18T14:35:21 AEST">
          <reporter-output>
          </reporter-output>
        </test-method> <!-- purchaseanItemAmazon -->
        <test-method status="PASS" signature="tearDown()[pri:0, instance:com.web.app.TC_001X_Item_Purchase_Amazon@342c38f8]" name="tearDown" is-config="true" duration-ms="245" started-at="2020-04-18T14:35:22 AEST" finished-at="2020-04-18T14:35:22 AEST">
          <reporter-output>
          </reporter-output>
        </test-method> <!-- tearDown -->
      </class> <!-- com.web.app.TC_001X_Item_Purchase_Amazon -->
    </test> <!-- Test2 -->
  </suite> <!-- Suite -->
</testng-results>
