<?xml version="1.0" encoding="UTF-8"?>
<testng-results skipped="0" failed="0" ignored="0" total="1" passed="1">
  <reporter-output>
  </reporter-output>
  <suite name="Default suite" duration-ms="6724" started-at="2020-04-19T01:55:37 AEST" finished-at="2020-04-19T01:55:44 AEST">
    <groups>
    </groups>
    <test name="Default test" duration-ms="6724" started-at="2020-04-19T01:55:37 AEST" finished-at="2020-04-19T01:55:44 AEST">
      <class name="com.web.app.BasicGridTest">
        <test-method status="PASS" signature="setupTest()[pri:0, instance:com.web.app.BasicGridTest@2bbaf4f0]" name="setupTest" is-config="true" duration-ms="1948" started-at="2020-04-19T01:55:37 AEST" finished-at="2020-04-19T01:55:39 AEST">
          <reporter-output>
          </reporter-output>
        </test-method> <!-- setupTest -->
        <test-method status="PASS" signature="facebookLoginButtonClick()[pri:0, instance:com.web.app.BasicGridTest@2bbaf4f0]" name="facebookLoginButtonClick" duration-ms="4534" started-at="2020-04-19T01:55:39 AEST" finished-at="2020-04-19T01:55:44 AEST">
          <reporter-output>
          </reporter-output>
        </test-method> <!-- facebookLoginButtonClick -->
        <test-method status="PASS" signature="quitDriver()[pri:0, instance:com.web.app.BasicGridTest@2bbaf4f0]" name="quitDriver" is-config="true" duration-ms="181" started-at="2020-04-19T01:55:44 AEST" finished-at="2020-04-19T01:55:44 AEST">
          <reporter-output>
          </reporter-output>
        </test-method> <!-- quitDriver -->
      </class> <!-- com.web.app.BasicGridTest -->
    </test> <!-- Default test -->
  </suite> <!-- Default suite -->
</testng-results>
